<?xml version="1.0" encoding="UTF-8"?>
<!-- Generated by org.testng.reporters.JUnitReportReporter -->
<testsuite hostname="VTNDLT050" failures="0" tests="1" name="com.AAE.TestCases.test" time="0.009" errors="0" timestamp="2021-07-18T21:19:15 IST" skipped="0">
  <testcase classname="com.AAE.TestCases.test" name="testte" time="0.009"/>
  <system-out/>
</testsuite> <!-- com.AAE.TestCases.test -->
