<?xml version="1.0" encoding="UTF-8"?>
<!-- Generated by org.testng.reporters.JUnitReportReporter -->
<testsuite hostname="VTNDLT050" failures="0" tests="1" name="com.AAE.TestCases.TwitterLoginTest" time="6.933" errors="0" timestamp="2021-07-23T14:34:43 IST" skipped="0">
  <testcase classname="com.AAE.TestCases.TwitterLoginTest" name="LoginTest" time="6.933"/>
  <system-out/>
</testsuite> <!-- com.AAE.TestCases.TwitterLoginTest -->
